<?xml version="1.0" encoding="UTF-8"?>
<testsuite xmlns:xsi="http://www.w3.org/2001/XMLSchema-instance" xsi:noNamespaceSchemaLocation="https://maven.apache.org/surefire/maven-surefire-plugin/xsd/surefire-test-report.xsd" version="3.0.2" name="com.mycompany.hospitalpatientadmissionsystem.InpatientTest" time="0.175" tests="7" errors="0" skipped="0" failures="0">
  <properties>
[...]
</properties>
  <testcase name="testSetBedNumber" classname="com.mycompany.hospitalpatientadmissionsystem.InpatientTest" time="0.048"/>
  <testcase name="testGetWardNumber" classname="com.mycompany.hospitalpatientadmissionsystem.InpatientTest" time="0.005"/>
  <testcase name="testInpatientIsSubclassOfPatient" classname="com.mycompany.hospitalpatientadmissionsystem.InpatientTest" time="0.005"/>
  <testcase name="testSetWardNumber" classname="com.mycompany.hospitalpatientadmissionsystem.InpatientTest" time="0.004"/>
  <testcase name="testDisplayDetailsIsOverridden" classname="com.mycompany.hospitalpatientadmissionsystem.InpatientTest" time="0.006">
    <system-out><![CDATA[Patient ID: P007
First Name: Emma
Last Name: Davis
Age: 32
Gender: Female
Medical Condition: Infection
Category: INPATIENT
Ward Number: W01
Bed Number: B20
]]></system-out>
  </testcase>
  <testcase name="testInheritedPatientDetails" classname="com.mycompany.hospitalpatientadmissionsystem.InpatientTest" time="0.008"/>
  <testcase name="testGetBedNumber" classname="com.mycompany.hospitalpatientadmissionsystem.InpatientTest" time="0.008"/>
</testsuite>